c:\users\user\desktop\cpp\sem2\strizhovda\minihw2\mathlibrary\mathlibrary\x64\debug\mathlibrary.pch
c:\users\user\desktop\cpp\sem2\strizhovda\minihw2\mathlibrary\mathlibrary\x64\debug\vc143.pdb
c:\users\user\desktop\cpp\sem2\strizhovda\minihw2\mathlibrary\mathlibrary\x64\debug\vc143.idb
c:\users\user\desktop\cpp\sem2\strizhovda\minihw2\mathlibrary\mathlibrary\x64\debug\pch.obj
c:\users\user\desktop\cpp\sem2\strizhovda\minihw2\mathlibrary\mathlibrary\x64\debug\mathlibrary.obj
c:\users\user\desktop\cpp\sem2\strizhovda\minihw2\mathlibrary\mathlibrary\x64\debug\dllmain.obj
c:\users\user\desktop\cpp\sem2\strizhovda\mathlibrary\x64\debug\mathlibrary.lib
c:\users\user\desktop\cpp\sem2\strizhovda\mathlibrary\x64\debug\mathlibrary.exp
c:\users\user\desktop\cpp\sem2\strizhovda\minihw2\mathlibrary\x64\debug\mathlibrary.dll
c:\users\user\desktop\cpp\sem2\strizhovda\minihw2\mathlibrary\mathlibrary\x64\debug\mathlibrary.ilk
c:\users\user\desktop\cpp\sem2\strizhovda\minihw2\mathlibrary\x64\debug\mathlibrary.pdb
c:\users\user\desktop\cpp\sem2\strizhovda\minihw2\mathlibrary\x64\debug\mathlibrary.lib
c:\users\user\desktop\cpp\sem2\strizhovda\minihw2\mathlibrary\x64\debug\mathlibrary.exp
c:\users\user\desktop\cpp\sem2\strizhovda\minihw2\mathlibrary\mathlibrary\x64\debug\mathlibrary.tlog\cl.command.1.tlog
c:\users\user\desktop\cpp\sem2\strizhovda\minihw2\mathlibrary\mathlibrary\x64\debug\mathlibrary.tlog\cl.items.tlog
c:\users\user\desktop\cpp\sem2\strizhovda\minihw2\mathlibrary\mathlibrary\x64\debug\mathlibrary.tlog\cl.read.1.tlog
c:\users\user\desktop\cpp\sem2\strizhovda\minihw2\mathlibrary\mathlibrary\x64\debug\mathlibrary.tlog\cl.write.1.tlog
c:\users\user\desktop\cpp\sem2\strizhovda\minihw2\mathlibrary\mathlibrary\x64\debug\mathlibrary.tlog\link.command.1.tlog
c:\users\user\desktop\cpp\sem2\strizhovda\minihw2\mathlibrary\mathlibrary\x64\debug\mathlibrary.tlog\link.read.1.tlog
c:\users\user\desktop\cpp\sem2\strizhovda\minihw2\mathlibrary\mathlibrary\x64\debug\mathlibrary.tlog\link.write.1.tlog
c:\users\user\desktop\cpp\sem2\strizhovda\minihw2\mathlibrary\mathlibrary\x64\debug\mathlibrary.tlog\link.write.2u.tlog
