c:\users\анна\documents\проекты visual studio\mathclient\mathclient\x64\debug\vc143.pdb
c:\users\анна\documents\проекты visual studio\mathclient\mathclient\x64\debug\vc143.idb
c:\users\анна\documents\проекты visual studio\mathclient\mathclient\x64\debug\mathclient.obj
c:\users\анна\documents\проекты visual studio\mathclient\x64\debug\mathclient.pdb
c:\users\анна\documents\проекты visual studio\mathclient\mathclient\x64\debug\mathclient.tlog\cl.command.1.tlog
c:\users\анна\documents\проекты visual studio\mathclient\mathclient\x64\debug\mathclient.tlog\cl.items.tlog
c:\users\анна\documents\проекты visual studio\mathclient\mathclient\x64\debug\mathclient.tlog\cl.read.1.tlog
c:\users\анна\documents\проекты visual studio\mathclient\mathclient\x64\debug\mathclient.tlog\cl.write.1.tlog
c:\users\анна\documents\проекты visual studio\mathclient\mathclient\x64\debug\mathclient.tlog\link-cvtres.read.1.tlog
c:\users\анна\documents\проекты visual studio\mathclient\mathclient\x64\debug\mathclient.tlog\link-cvtres.write.1.tlog
c:\users\анна\documents\проекты visual studio\mathclient\mathclient\x64\debug\mathclient.tlog\link-rc.read.1.tlog
c:\users\анна\documents\проекты visual studio\mathclient\mathclient\x64\debug\mathclient.tlog\link-rc.write.1.tlog
c:\users\анна\documents\проекты visual studio\mathclient\mathclient\x64\debug\mathclient.tlog\link.6876-cvtres.read.1.tlog
c:\users\анна\documents\проекты visual studio\mathclient\mathclient\x64\debug\mathclient.tlog\link.6876-cvtres.write.1.tlog
c:\users\анна\documents\проекты visual studio\mathclient\mathclient\x64\debug\mathclient.tlog\link.6876-rc.read.1.tlog
c:\users\анна\documents\проекты visual studio\mathclient\mathclient\x64\debug\mathclient.tlog\link.6876-rc.write.1.tlog
c:\users\анна\documents\проекты visual studio\mathclient\mathclient\x64\debug\mathclient.tlog\link.6876.read.1.tlog
c:\users\анна\documents\проекты visual studio\mathclient\mathclient\x64\debug\mathclient.tlog\link.6876.read.2.tlog
c:\users\анна\documents\проекты visual studio\mathclient\mathclient\x64\debug\mathclient.tlog\link.6876.write.1.tlog
c:\users\анна\documents\проекты visual studio\mathclient\mathclient\x64\debug\mathclient.tlog\link.command.1.tlog
c:\users\анна\documents\проекты visual studio\mathclient\mathclient\x64\debug\mathclient.tlog\link.read.1.tlog
c:\users\анна\documents\проекты visual studio\mathclient\mathclient\x64\debug\mathclient.tlog\link.read.2.tlog
c:\users\анна\documents\проекты visual studio\mathclient\mathclient\x64\debug\mathclient.tlog\link.write.1.tlog
